(base) PS C:\Users\Cleve\Documents\GitHub\Tickernel\build> ."C:/Users/Cleve/Documents/GitHub/Tickernel/build/Tickernel.exe"
Tickernel Start!
Add extension: VK_EXT_debug_utils
Add extension: VK_KHR_portability_enumeration
Add extension: VK_KHR_surface
Add extension: VK_KHR_win32_surface
Vulkan Log:Portability enumeration bit was set, enumerating portability drivers.
Vulkan Log:Checking for Layer Manifest files in Registry at SOFTWARE\Khronos\Vulkan\ImplicitLayers
Vulkan Log:windows_add_json_entry: Located json file "C:\WINDOWS\System32\DriverStore\FileRepository\u0391195.inf_amd64_09ef84849323988b\B391209\amd-vulkan64.json" from PnP registry: E
Vulkan Log:Located json file "C:\Program Files (x86)\WeGame\apps\Cross\Core\Stable\CrossVulkanLayer64.json" from registry "HKEY_LOCAL_MACHINE\SOFTWARE\Khronos\Vulkan\ImplicitLayers"
Vulkan Log:Located json file "C:\Program Files\RenderDoc\renderdoc.json" from registry "HKEY_LOCAL_MACHINE\SOFTWARE\Khronos\Vulkan\ImplicitLayers"
Vulkan Log:Located json file "C:\Program Files (x86)\Steam\SteamOverlayVulkanLayer64.json" from registry "HKEY_LOCAL_MACHINE\SOFTWARE\Khronos\Vulkan\ImplicitLayers"
Vulkan Log:Located json file "C:\Program Files (x86)\Steam\SteamFossilizeVulkanLayer64.json" from registry "HKEY_LOCAL_MACHINE\SOFTWARE\Khronos\Vulkan\ImplicitLayers"
Vulkan Log:Located json file "C:\Program Files (x86)\Overwolf\0.254.0.12\ow-vulkan-overlay64.json" from registry "HKEY_LOCAL_MACHINE\SOFTWARE\Khronos\Vulkan\ImplicitLayers"        
Vulkan Log:Located json file "C:\Program Files (x86)\Overwolf\0.254.0.12\ow-graphics-vulkan64.json" from registry "HKEY_LOCAL_MACHINE\SOFTWARE\Khronos\Vulkan\ImplicitLayers"       
Vulkan Log:Located json file "C:\ProgramData\obs-studio-hook\obs-vulkan64.json" from registry "HKEY_LOCAL_MACHINE\SOFTWARE\Khronos\Vulkan\ImplicitLayers"
Vulkan Log:Located json file "C:\Program Files (x86)\Epic Games\Launcher\Portal\Extras\Overlay\EOSOverlayVkLayer-Win32.json" from registry "HKEY_CURRENT_USER\SOFTWARE\Khronos\Vulkan\ImplicitLayers"
Vulkan Log:Located json file "C:\Program Files (x86)\Epic Games\Launcher\Portal\Extras\Overlay\EOSOverlayVkLayer-Win64.json" from registry "HKEY_CURRENT_USER\SOFTWARE\Khronos\Vulkan\ImplicitLayers"
Vulkan Log:Found manifest file C:\WINDOWS\System32\DriverStore\FileRepository\u0391195.inf_amd64_09ef84849323988b\B391209\amd-vulkan64.json (file version "1.0.0")
Vulkan Log:Found manifest file C:\Program Files (x86)\WeGame\apps\Cross\Core\Stable\CrossVulkanLayer64.json (file version "1.0.0")
Vulkan Log:Found manifest file C:\Program Files\RenderDoc\renderdoc.json (file version "1.1.2")
Vulkan Log:Layer "VK_LAYER_RENDERDOC_Capture" using deprecated 'vkGetInstanceProcAddr' tag which was deprecated starting with JSON file version 1.1.0. The new vkNegotiateLoaderLayerInterfaceVersion function is preferred, though for compatibility reasons it may be desirable to continue using the deprecated tag.
Vulkan Log:Layer "VK_LAYER_RENDERDOC_Capture" using deprecated 'vkGetDeviceProcAddr' tag which was deprecated starting with JSON file version 1.1.0. The new vkNegotiateLoaderLayerInterfaceVersion function is preferred, though for compatibility reasons it may be desirable to continue using the deprecated tag.
Vulkan Log:Found manifest file C:\Program Files (x86)\Steam\SteamOverlayVulkanLayer64.json (file version "1.0.0")
Vulkan Log:Found manifest file C:\Program Files (x86)\Steam\SteamFossilizeVulkanLayer64.json (file version "1.0.0")
Vulkan Log:Found manifest file C:\Program Files (x86)\Overwolf\0.254.0.12\ow-vulkan-overlay64.json (file version "1.1.2")
Vulkan Log:Found manifest file C:\Program Files (x86)\Overwolf\0.254.0.12\ow-graphics-vulkan64.json (file version "1.1.2")
Vulkan Log:Found manifest file C:\ProgramData\obs-studio-hook\obs-vulkan64.json (file version "1.1.2")
Vulkan Log:Found manifest file C:\Program Files (x86)\Epic Games\Launcher\Portal\Extras\Overlay\EOSOverlayVkLayer-Win32.json (file version "1.1.2")
Vulkan Log:Layer "VK_LAYER_EOS_Overlay" using deprecated 'vkGetInstanceProcAddr' tag which was deprecated starting with JSON file version 1.1.0. The new vkNegotiateLoaderLayerInterfaceVersion function is preferred, though for compatibility reasons it may be desirable to continue using the deprecated tag.
Vulkan Log:Layer "VK_LAYER_EOS_Overlay" using deprecated 'vkGetDeviceProcAddr' tag which was deprecated starting with JSON file version 1.1.0. The new vkNegotiateLoaderLayerInterfaceVersion function is preferred, though for compatibility reasons it may be desirable to continue using the deprecated tag.
Vulkan Log:Found manifest file C:\Program Files (x86)\Epic Games\Launcher\Portal\Extras\Overlay\EOSOverlayVkLayer-Win64.json (file version "1.1.2")
Vulkan Log:Layer "VK_LAYER_EOS_Overlay" using deprecated 'vkGetInstanceProcAddr' tag which was deprecated starting with JSON file version 1.1.0. The new vkNegotiateLoaderLayerInterfaceVersion function is preferred, though for compatibility reasons it may be desirable to continue using the deprecated tag.
Vulkan Log:Layer "VK_LAYER_EOS_Overlay" using deprecated 'vkGetDeviceProcAddr' tag which was deprecated starting with JSON file version 1.1.0. The new vkNegotiateLoaderLayerInterfaceVersion function is preferred, though for compatibility reasons it may be desirable to continue using the deprecated tag.
Vulkan Log:Checking for Layer Manifest files in Registry at SOFTWARE\Khronos\Vulkan\ExplicitLayers
Vulkan Log:windows_get_device_registry_files: opening device ROOT\DISPLAY\0000
Vulkan Log:windows_get_device_registry_entry: Device ID(1) Does not contain a value for "VulkanExplicitLayers"
Vulkan Log:windows_get_device_registry_files: unable to open child-device error:13        
Vulkan Log:windows_get_device_registry_files: opening device PCI\VEN_1002&DEV_73BF&SUBSYS_2408148C&REV_C0\6&35901149&0&00000008
Vulkan Log:windows_get_device_registry_entry: Device ID(2) Does not contain a value for "VulkanExplicitLayers"
Vulkan Log:windows_get_device_registry_files: Opening child device 3 - SWD\DRIVERENUM\AMDFDANS&7&1964D49A&0
Vulkan Log:windows_get_device_registry_entry: Device ID(3) Does not contain a value for "VulkanExplicitLayers"
Vulkan Log:windows_get_device_registry_files: Opening child device 4 - DISPLAY\SKG2713\7&1964D49A&0&UID260
Vulkan Log:windows_get_device_registry_files: GUID for 4 is not SoftwareComponent skipping
Vulkan Log:windows_get_device_registry_files: Opening child device 5 - DISPLAY\AOC2490\7&1964D49A&0&UID268
Vulkan Log:windows_get_device_registry_files: GUID for 5 is not SoftwareComponent skipping
Vulkan Log:windows_get_device_registry_files: found no registry files
Vulkan Log:Located json file "C:\VulkanSDK\1.3.231.1\Bin\VkLayer_api_dump.json" from registry "HKEY_LOCAL_MACHINE\SOFTWARE\Khronos\Vulkan\ExplicitLayers"
Vulkan Log:Located json file "C:\VulkanSDK\1.3.231.1\Bin\VkLayer_gfxreconstruct.json" from registry "HKEY_LOCAL_MACHINE\SOFTWARE\Khronos\Vulkan\ExplicitLayers"
Vulkan Log:Located json file "C:\VulkanSDK\1.3.231.1\Bin\VkLayer_khronos_synchronization2.json" from registry "HKEY_LOCAL_MACHINE\SOFTWARE\Khronos\Vulkan\ExplicitLayers"
Vulkan Log:Located json file "C:\VulkanSDK\1.3.231.1\Bin\VkLayer_khronos_validation.json" from registry "HKEY_LOCAL_MACHINE\SOFTWARE\Khronos\Vulkan\ExplicitLayers"
Vulkan Log:Located json file "C:\VulkanSDK\1.3.231.1\Bin\VkLayer_monitor.json" from registry "HKEY_LOCAL_MACHINE\SOFTWARE\Khronos\Vulkan\ExplicitLayers"
Vulkan Log:Located json file "C:\VulkanSDK\1.3.231.1\Bin\VkLayer_screenshot.json" from registry "HKEY_LOCAL_MACHINE\SOFTWARE\Khronos\Vulkan\ExplicitLayers"
Vulkan Log:Located json file "C:\VulkanSDK\1.3.231.1\Bin\VkLayer_khronos_profiles.json" from registry "HKEY_LOCAL_MACHINE\SOFTWARE\Khronos\Vulkan\ExplicitLayers"
Vulkan Log:Found manifest file C:\VulkanSDK\1.3.231.1\Bin\VkLayer_api_dump.json (file version "1.2.0")
Vulkan Log:Found manifest file C:\VulkanSDK\1.3.231.1\Bin\VkLayer_gfxreconstruct.json (file version "1.2.0")
Vulkan Log:Found manifest file C:\VulkanSDK\1.3.231.1\Bin\VkLayer_khronos_synchronization2.json (file version "1.2.0")
Vulkan Log:Found manifest file C:\VulkanSDK\1.3.231.1\Bin\VkLayer_khronos_validation.json (file version "1.2.0")
Vulkan Log:Found manifest file C:\VulkanSDK\1.3.231.1\Bin\VkLayer_monitor.json (file version "1.0.0")
Vulkan Log:Found manifest file C:\VulkanSDK\1.3.231.1\Bin\VkLayer_screenshot.json (file version "1.2.0")
Vulkan Log:Found manifest file C:\VulkanSDK\1.3.231.1\Bin\VkLayer_khronos_profiles.json (file version "1.2.1")
Vulkan Log:windows_get_app_package_manifest_path: Failed to find mapping layers packages by family name

Vulkan Log:Checking for Driver Manifest files in Registry at SOFTWARE\Khronos\Vulkan\Drivers
Vulkan Log:windows_add_json_entry: Located json file "C:\WINDOWS\System32\DriverStore\FileRepository\u0391195.inf_amd64_09ef84849323988b\B391209\amd-vulkan64.json" from PnP registry: E
Vulkan Log:Found no registry files in SOFTWARE\Khronos\Vulkan\Drivers
Vulkan Log:Found ICD manifest file C:\WINDOWS\System32\DriverStore\FileRepository\u0391195.inf_amd64_09ef84849323988b\B391209\amd-vulkan64.json, version "1.0.0"
Vulkan Log:Searching for ICD drivers named .\amdvlk64.dll
Vulkan Log:Build ICD instance extension list
Vulkan Log:loader_add_implicit_layer: Disabling implicit layer VK_LAYER_TENCENT_wegame_cross_overlay for using an old API version 1.1 versus application requested 1.3
Vulkan Log:loader_add_implicit_layer: Disabling implicit layer VK_LAYER_OW_OVERLAY for using an old API version 1.2 versus application requested 1.3
Vulkan Log:loader_add_implicit_layer: Disabling implicit layer VK_LAYER_OW_OBS_HOOK for using an old API version 1.2 versus application requested 1.3
Vulkan Log:loader_add_implicit_layer: Disabling implicit layer VK_LAYER_TENCENT_wegame_cross_overlay for using an old API version 1.1 versus application requested 1.3
Vulkan Log:loader_add_implicit_layer: Disabling implicit layer VK_LAYER_OW_OVERLAY for using an old API version 1.2 versus application requested 1.3
Vulkan Log:loader_add_implicit_layer: Disabling implicit layer VK_LAYER_OW_OBS_HOOK for using an old API version 1.2 versus application requested 1.3
Vulkan Log:Loading layer library C:\VulkanSDK\1.3.231.1\Bin\.\VkLayer_khronos_validation.dll
Vulkan Log:Insert instance layer VK_LAYER_KHRONOS_validation (C:\VulkanSDK\1.3.231.1\Bin\.\VkLayer_khronos_validation.dll)
Vulkan Log:Loading layer library C:\ProgramData\obs-studio-hook\.\graphics-hook64.dll     
Vulkan Log:Insert instance layer VK_LAYER_OBS_HOOK (C:\ProgramData\obs-studio-hook\.\graphics-hook64.dll)
Vulkan Log:Loading layer library C:\WINDOWS\System32\DriverStore\FileRepository\u0391195.inf_amd64_09ef84849323988b\B391209\.\amdvlk64.dll
Vulkan Log:Insert instance layer VK_LAYER_AMD_switchable_graphics (C:\WINDOWS\System32\DriverStore\FileRepository\u0391195.inf_amd64_09ef84849323988b\B391209\.\amdvlk64.dll)       
Vulkan Log:Build ICD instance extension list
Vulkan Log:Validation Information: [ UNASSIGNED-khronos-validation-createinstance-status-message ] Object 0: handle = 0x2bba084b2d0, type = VK_OBJECT_TYPE_INSTANCE; | MessageID = 0xd7fa5f44 | Khronos Validation Layer Active:
    Settings File: None. Default location is C:\Users\Cleve\Documents\GitHub\Tickernel\build\vk_layer_settings.txt.
    Current Enables: None.
    Current Disables: None.

Selected target physical device named AMD Radeon RX 6900 XT
Lua initialized!
Lua Start
After start lua stack count:1
VUID-vkDestroyCommandPool-commandPool-parameter(ERROR / SPEC): msgNum: 274744519 - Validation Error: [ VUID-vkDestroyCommandPool-commandPool-parameter ] Object 0: handle = 0x2bba084b2d0, type = VK_OBJECT_TYPE_INSTANCE; | MessageID = 0x106044c7 | Invalid VkCommandPool Object 0xcdcdcdcdcdcdcdcd. The Vulkan spec states: If commandPool is not VK_NULL_HANDLE, commandPool must be a valid VkCommandPool handle (https://vulkan.lunarg.com/doc/view/1.3.231.1/windows/1.3-extensions/vkspec.html#VUID-vkDestroyCommandPool-commandPool-parameter)     
    Objects: 1
        [0] 0x2bba084b2d0, type: 1, name: NULL
UNASSIGNED-Threading-Info(ERROR / SPEC): msgNum: 1567320034 - Validation Error: [ UNASSIGNED-Threading-Info ] Object 0: handle = 0xcdcdcdcdcdcdcdcd, type = VK_OBJECT_TYPE_COMMAND_POOL; | MessageID = 0x5d6b67e2 | Couldn't find VkCommandPool Object 0xcdcdcdcdcdcdcdcd. This should not happen and may indicate a bug in the application.
    Objects: 1
        [0] 0xcdcdcdcdcdcdcdcd, type: 25, name: NULL
UNASSIGNED-Threading-Info(ERROR / SPEC): msgNum: 1567320034 - Validation Error: [ UNASSIGNED-Threading-Info ] Object 0: handle = 0xcdcdcdcdcdcdcdcd, type = VK_OBJECT_TYPE_COMMAND_POOL; | MessageID = 0x5d6b67e2 | Couldn't find VkCommandPool Object 0xcdcdcdcdcdcdcdcd. This should not happen and may indicate a bug in the application.
    Objects: 1
        [0] 0xcdcdcdcdcdcdcdcd, type: 25, name: NULL
UNASSIGNED-Threading-Info(ERROR / SPEC): msgNum: 1567320034 - Validation Error: [ UNASSIGNED-Threading-Info ] Object 0: handle = 0xcdcdcdcdcdcdcdcd, type = VK_OBJECT_TYPE_COMMAND_POOL; | MessageID = 0x5d6b67e2 | Couldn't find VkCommandPool Object 0xcdcdcdcdcdcdcdcd. This should not happen and may indicate a bug in the application.
    Objects: 1
        [0] 0xcdcdcdcdcdcdcdcd, type: 25, name: NULL
UNASSIGNED-Threading-Info(ERROR / SPEC): msgNum: 1567320034 - Validation Error: [ UNASSIGNED-Threading-Info ] Object 0: handle = 0xcdcdcdcdcdcdcdcd, type = VK_OBJECT_TYPE_COMMAND_POOL; | MessageID = 0x5d6b67e2 | Couldn't find VkCommandPool Object 0xcdcdcdcdcdcdcdcd. This should not happen and may indicate a bug in the application.
    Objects: 1
        [0] 0xcdcdcdcdcdcdcdcd, type: 25, name: NULL
VUID-vkDestroyCommandPool-commandPool-parameter(ERROR / SPEC): msgNum: 274744519 - Validation Error: [ VUID-vkDestroyCommandPool-commandPool-parameter ] Object 0: handle = 0x2bba084b2d0, type = VK_OBJECT_TYPE_INSTANCE; | MessageID = 0x106044c7 | Invalid VkCommandPool Object 0xcdcdcdcdcdcdcdcd. The Vulkan spec states: If commandPool is not VK_NULL_HANDLE, commandPool must be a valid VkCommandPool handle (https://vulkan.lunarg.com/doc/view/1.3.231.1/windows/1.3-extensions/vkspec.html#VUID-vkDestroyCommandPool-commandPool-parameter)     
    Objects: 1
        [0] 0x2bba084b2d0, type: 1, name: NULL
UNASSIGNED-Threading-Info(ERROR / SPEC): msgNum: 1567320034 - Validation Error: [ UNASSIGNED-Threading-Info ] Object 0: handle = 0xcdcdcdcdcdcdcdcd, type = VK_OBJECT_TYPE_COMMAND_POOL; | MessageID = 0x5d6b67e2 | Couldn't find VkCommandPool Object 0xcdcdcdcdcdcdcdcd. This should not happen and may indicate a bug in the application.
    Objects: 1
        [0] 0xcdcdcdcdcdcdcdcd, type: 25, name: NULL
UNASSIGNED-Threading-Info(ERROR / SPEC): msgNum: 1567320034 - Validation Error: [ UNASSIGNED-Threading-Info ] Object 0: handle = 0xcdcdcdcdcdcdcdcd, type = VK_OBJECT_TYPE_COMMAND_POOL; | MessageID = 0x5d6b67e2 | Couldn't find VkCommandPool Object 0xcdcdcdcdcdcdcdcd. This should not happen and may indicate a bug in the application.
    Objects: 1
        [0] 0xcdcdcdcdcdcdcdcd, type: 25, name: NULL
ED-Threading-Info ] Object 0: handle = 0xcdcdcdcdcdcdcdcd, type = VK_OBJECT_TYPE_COMMAND_POOL; | MessageID = 0x5d6b67e2 | Couldn't find VkCommandPool Object 0xcdcdcdcdcdcdcdcd. This should not happen and may indicate a bug in the application.
    Objects: 1
        [0] 0xcdcdcdcdcdcdcdcd, type: 25, name: NULL
Vulkan Log:Unloading layer library C:\WINDOWS\System32\DriverStore\FileRepository\u0391195.inf_amd64_09ef84849323988b\B391209\.\amdvlk64.dll
Vulkan Log:Unloading layer library C:\ProgramData\obs-studio-hook\.\graphics-hook64.dll
Vulkan Log:Unloading layer library C:\VulkanSDK\1.3.231.1\Bin\.\VkLayer_khronos_validation.dll
Tickernel End!
(base) PS C:\Users\Cleve\Documents\GitHub\Tickernel\build> ."C:/Users/Cleve/Documents/GitHub/Tickernel/build/Tickernel.exe"
Tickernel Start!
Add extension: VK_EXT_debug_utils
Add extension: VK_KHR_portability_enumeration
Add extension: VK_KHR_surface
Add extension: VK_KHR_win32_surface
Vulkan Log:Portability enumeration bit was set, enumerating portability drivers.
Vulkan Log:Checking for Layer Manifest files in Registry at SOFTWARE\Khronos\Vulkan\ImplicitLayers
Vulkan Log:windows_add_json_entry: Located json file "C:\WINDOWS\System32\DriverStore\FileRepository\u0391195.inf_amd64_09ef84849323988b\B391209\amd-vulkan64.json" from PnP registry: E
Vulkan Log:Located json file "C:\Program Files (x86)\WeGame\apps\Cross\Core\Stable\CrossVulkanLayer64.json" from registry "HKEY_LOCAL_MACHINE\SOFTWARE\Khronos\Vulkan\ImplicitLayers"
Vulkan Log:Located json file "C:\Program Files\RenderDoc\renderdoc.json" from registry "HKEY_LOCAL_MACHINE\SOFTWARE\Khronos\Vulkan\ImplicitLayers"
Vulkan Log:Located json file "C:\Program Files (x86)\Steam\SteamOverlayVulkanLayer64.json" from registry "HKEY_LOCAL_MACHINE\SOFTWARE\Khronos\Vulkan\ImplicitLayers"
Vulkan Log:Located json file "C:\Program Files (x86)\Steam\SteamFossilizeVulkanLayer64.json" from registry "HKEY_LOCAL_MACHINE\SOFTWARE\Khronos\Vulkan\ImplicitLayers"
Vulkan Log:Located json file "C:\Program Files (x86)\Overwolf\0.254.0.12\ow-vulkan-overlay64.json" from registry "HKEY_LOCAL_MACHINE\SOFTWARE\Khronos\Vulkan\ImplicitLayers"
Vulkan Log:Located json file "C:\Program Files (x86)\Overwolf\0.254.0.12\ow-graphics-vulkan64.json" from registry "HKEY_LOCAL_MACHINE\SOFTWARE\Khronos\Vulkan\ImplicitLayers"
Vulkan Log:Located json file "C:\ProgramData\obs-studio-hook\obs-vulkan64.json" from registry "HKEY_LOCAL_MACHINE\SOFTWARE\Khronos\Vulkan\ImplicitLayers"
Vulkan Log:Located json file "C:\Program Files (x86)\Epic Games\Launcher\Portal\Extras\Overlay\EOSOverlayVkLayer-Win32.json" from registry "HKEY_CURRENT_USER\SOFTWARE\Khronos\Vulkan\ImplicitLayers"
Vulkan Log:Located json file "C:\Program Files (x86)\Epic Games\Launcher\Portal\Extras\Overlay\EOSOverlayVkLayer-Win64.json" from registry "HKEY_CURRENT_USER\SOFTWARE\Khronos\Vulkan\ImplicitLayers"
Vulkan Log:Found manifest file C:\WINDOWS\System32\DriverStore\FileRepository\u0391195.inf_amd64_09ef84849323988b\B391209\amd-vulkan64.json (file version "1.0.0")
Vulkan Log:Found manifest file C:\Program Files (x86)\WeGame\apps\Cross\Core\Stable\CrossVulkanLayer64.json (file version "1.0.0")
Vulkan Log:Found manifest file C:\Program Files\RenderDoc\renderdoc.json (file version "1.1.2")
Vulkan Log:Layer "VK_LAYER_RENDERDOC_Capture" using deprecated 'vkGetInstanceProcAddr' tag which was deprecated starting with JSON file version 1.1.0. The new vkNegotiateLoaderLayerInterfaceVersion function is preferred, though for compatibility reasons it may be desirable to continue using the deprecated tag.
Vulkan Log:Layer "VK_LAYER_RENDERDOC_Capture" using deprecated 'vkGetDeviceProcAddr' tag which was deprecated starting with JSON file version 1.1.0. The new vkNegotiateLoaderLayerInterfaceVersion function is preferred, though for compatibility reasons it may be desirable to continue using the deprecated tag.
Vulkan Log:Found manifest file C:\Program Files (x86)\Steam\SteamOverlayVulkanLayer64.json (file version "1.0.0")
Vulkan Log:Found manifest file C:\Program Files (x86)\Steam\SteamFossilizeVulkanLayer64.json (file version "1.0.0")
Vulkan Log:Found manifest file C:\Program Files (x86)\Overwolf\0.254.0.12\ow-vulkan-overlay64.json (file version "1.1.2")
Vulkan Log:Found manifest file C:\Program Files (x86)\Overwolf\0.254.0.12\ow-graphics-vulkan64.json (file version "1.1.2")
Vulkan Log:Found manifest file C:\ProgramData\obs-studio-hook\obs-vulkan64.json (file version "1.1.2")
Vulkan Log:Found manifest file C:\Program Files (x86)\Epic Games\Launcher\Portal\Extras\Overlay\EOSOverlayVkLayer-Win32.json (file version "1.1.2")
Vulkan Log:Layer "VK_LAYER_EOS_Overlay" using deprecated 'vkGetInstanceProcAddr' tag which was deprecated starting with JSON file version 1.1.0. The new vkNegotiateLoaderLayerInterfaceVersion function is preferred, though for compatibility reasons it may be desirable to continue using the deprecated tag.
Vulkan Log:Layer "VK_LAYER_EOS_Overlay" using deprecated 'vkGetDeviceProcAddr' tag which was deprecated starting with JSON file version 1.1.0. The new vkNegotiateLoaderLayerInterfaceVersion function is preferred, though for compatibility reasons it may be desirable to continue using the deprecated tag.
Vulkan Log:Found manifest file C:\Program Files (x86)\Epic Games\Launcher\Portal\Extras\Overlay\EOSOverlayVkLayer-Win64.json (file version "1.1.2")
Vulkan Log:Layer "VK_LAYER_EOS_Overlay" using deprecated 'vkGetInstanceProcAddr' tag which was deprecated starting with JSON file version 1.1.0. The new vkNegotiateLoaderLayerInterfaceVersion function is preferred, though for compatibility reasons it may be desirable to continue using the deprecated tag.
Vulkan Log:Layer "VK_LAYER_EOS_Overlay" using deprecated 'vkGetDeviceProcAddr' tag which was deprecated starting with JSON file version 1.1.0. The new vkNegotiateLoaderLayerInterfaceVersion function is preferred, though for compatibility reasons it may be desirable to continue using the deprecated tag.
Vulkan Log:Checking for Layer Manifest files in Registry at SOFTWARE\Khronos\Vulkan\ExplicitLayers
Vulkan Log:windows_get_device_registry_files: opening device ROOT\DISPLAY\0000
Vulkan Log:windows_get_device_registry_entry: Device ID(1) Does not contain a value for "VulkanExplicitLayers"
Vulkan Log:windows_get_device_registry_files: unable to open child-device error:13
Vulkan Log:windows_get_device_registry_files: opening device PCI\VEN_1002&DEV_73BF&SUBSYS_2408148C&REV_C0\6&35901149&0&00000008
Vulkan Log:windows_get_device_registry_entry: Device ID(2) Does not contain a value for "VulkanExplicitLayers"
Vulkan Log:windows_get_device_registry_files: Opening child device 3 - SWD\DRIVERENUM\AMDFDANS&7&1964D49A&0
Vulkan Log:windows_get_device_registry_entry: Device ID(3) Does not contain a value for "VulkanExplicitLayers"
Vulkan Log:windows_get_device_registry_files: Opening child device 4 - DISPLAY\SKG2713\7&1964D49A&0&UID260
Vulkan Log:windows_get_device_registry_files: GUID for 4 is not SoftwareComponent skipping
Vulkan Log:windows_get_device_registry_files: Opening child device 5 - DISPLAY\AOC2490\7&1964D49A&0&UID268
Vulkan Log:windows_get_device_registry_files: GUID for 5 is not SoftwareComponent skipping
Vulkan Log:windows_get_device_registry_files: found no registry files
Vulkan Log:Located json file "C:\VulkanSDK\1.3.231.1\Bin\VkLayer_api_dump.json" from registry "HKEY_LOCAL_MACHINE\SOFTWARE\Khronos\Vulkan\ExplicitLayers"
Vulkan Log:Located json file "C:\VulkanSDK\1.3.231.1\Bin\VkLayer_gfxreconstruct.json" from registry "HKEY_LOCAL_MACHINE\SOFTWARE\Khronos\Vulkan\ExplicitLayers"
Vulkan Log:Located json file "C:\VulkanSDK\1.3.231.1\Bin\VkLayer_khronos_synchronization2.json" from registry "HKEY_LOCAL_MACHINE\SOFTWARE\Khronos\Vulkan\ExplicitLayers"
Vulkan Log:Located json file "C:\VulkanSDK\1.3.231.1\Bin\VkLayer_khronos_validation.json" from registry "HKEY_LOCAL_MACHINE\SOFTWARE\Khronos\Vulkan\ExplicitLayers"
Vulkan Log:Located json file "C:\VulkanSDK\1.3.231.1\Bin\VkLayer_monitor.json" from registry "HKEY_LOCAL_MACHINE\SOFTWARE\Khronos\Vulkan\ExplicitLayers"
Vulkan Log:Located json file "C:\VulkanSDK\1.3.231.1\Bin\VkLayer_screenshot.json" from registry "HKEY_LOCAL_MACHINE\SOFTWARE\Khronos\Vulkan\ExplicitLayers"
Vulkan Log:Located json file "C:\VulkanSDK\1.3.231.1\Bin\VkLayer_khronos_profiles.json" from registry "HKEY_LOCAL_MACHINE\SOFTWARE\Khronos\Vulkan\ExplicitLayers"
Vulkan Log:Found manifest file C:\VulkanSDK\1.3.231.1\Bin\VkLayer_api_dump.json (file version "1.2.0")
Vulkan Log:Found manifest file C:\VulkanSDK\1.3.231.1\Bin\VkLayer_gfxreconstruct.json (file version "1.2.0")
Vulkan Log:Found manifest file C:\VulkanSDK\1.3.231.1\Bin\VkLayer_khronos_synchronization2.json (file version "1.2.0")
Vulkan Log:Found manifest file C:\VulkanSDK\1.3.231.1\Bin\VkLayer_khronos_validation.json (file version "1.2.0")
Vulkan Log:Found manifest file C:\VulkanSDK\1.3.231.1\Bin\VkLayer_monitor.json (file version "1.0.0")
Vulkan Log:Found manifest file C:\VulkanSDK\1.3.231.1\Bin\VkLayer_screenshot.json (file version "1.2.0")
Vulkan Log:Found manifest file C:\VulkanSDK\1.3.231.1\Bin\VkLayer_khronos_profiles.json (file version "1.2.1")
Vulkan Log:windows_get_app_package_manifest_path: Failed to find mapping layers packages by family name

Vulkan Log:Checking for Driver Manifest files in Registry at SOFTWARE\Khronos\Vulkan\Drivers
Vulkan Log:windows_add_json_entry: Located json file "C:\WINDOWS\System32\DriverStore\FileRepository\u0391195.inf_amd64_09ef84849323988b\B391209\amd-vulkan64.json" from PnP registry: E
Vulkan Log:Found no registry files in SOFTWARE\Khronos\Vulkan\Drivers
Vulkan Log:Found ICD manifest file C:\WINDOWS\System32\DriverStore\FileRepository\u0391195.inf_amd64_09ef84849323988b\B391209\amd-vulkan64.json, version "1.0.0"
Vulkan Log:Searching for ICD drivers named .\amdvlk64.dll
Vulkan Log:Build ICD instance extension list
Vulkan Log:loader_add_implicit_layer: Disabling implicit layer VK_LAYER_TENCENT_wegame_cross_overlay for using an old API version 1.1 versus application requested 1.3
Vulkan Log:loader_add_implicit_layer: Disabling implicit layer VK_LAYER_OW_OVERLAY for using an old API version 1.2 versus application requested 1.3
Vulkan Log:loader_add_implicit_layer: Disabling implicit layer VK_LAYER_OW_OBS_HOOK for using an old API version 1.2 versus application requested 1.3
Vulkan Log:loader_add_implicit_layer: Disabling implicit layer VK_LAYER_TENCENT_wegame_cross_overlay for using an old API version 1.1 versus application requested 1.3
Vulkan Log:loader_add_implicit_layer: Disabling implicit layer VK_LAYER_OW_OVERLAY for using an old API version 1.2 versus application requested 1.3
Vulkan Log:loader_add_implicit_layer: Disabling implicit layer VK_LAYER_OW_OBS_HOOK for using an old API version 1.2 versus application requested 1.3
Vulkan Log:Loading layer library C:\VulkanSDK\1.3.231.1\Bin\.\VkLayer_khronos_validation.dll
Vulkan Log:Insert instance layer VK_LAYER_KHRONOS_validation (C:\VulkanSDK\1.3.231.1\Bin\.\VkLayer_khronos_validation.dll)
Vulkan Log:Loading layer library C:\ProgramData\obs-studio-hook\.\graphics-hook64.dll
Vulkan Log:Insert instance layer VK_LAYER_OBS_HOOK (C:\ProgramData\obs-studio-hook\.\graphics-hook64.dll)
Vulkan Log:Loading layer library C:\WINDOWS\System32\DriverStore\FileRepository\u0391195.inf_amd64_09ef84849323988b\B391209\.\amdvlk64.dll
Vulkan Log:Insert instance layer VK_LAYER_AMD_switchable_graphics (C:\WINDOWS\System32\DriverStore\FileRepository\u0391195.inf_amd64_09ef84849323988b\B391209\.\amdvlk64.dll)     
Vulkan Log:Build ICD instance extension list
Vulkan Log:Validation Information: [ UNASSIGNED-khronos-validation-createinstance-status-message ] Object 0: handle = 0x1cb3fd60510, type = VK_OBJECT_TYPE_INSTANCE; | MessageID = 0xd7fa5f44 | Khronos Validation Layer Active:
    Settings File: None. Default location is C:\Users\Cleve\Documents\GitHub\Tickernel\build\vk_layer_settings.txt.
    Current Enables: None.
    Current Disables: None.

Selected target physical device named AMD Radeon RX 6900 XT
Lua initialized!
Lua Start
After start lua stack,Keep engine state on stack.
Stack count:1
Lua Start
VUID-vkDestroyCommandPool-commandPool-parameter(ERROR / SPEC): msgNum: 274744519 - Validation Error: [ VUID-vkDestroyCommandPool-commandPool-parameter ] Object 0: handle = 0x1cb3fd60510, type = VK_OBJECT_TYPE_INSTANCE; | MessageID = 0x106044c7 | Invalid VkCommandPool Object 0xcdcdcdcdcdcdcdcd. The Vulkan spec states: If commandPool is not VK_NULL_HANDLE, commandPool must be a valid VkCommandPool handle (https://vulkan.lunarg.com/doc/view/1.3.231.1/windows/1.3-extensions/vkspec.html#VUID-vkDestroyCommandPool-commandPool-parameter)
    Objects: 1
        [0] 0x1cb3fd60510, type: 1, name: NULL
UNASSIGNED-Threading-Info(ERROR / SPEC): msgNum: 1567320034 - Validation Error: [ UNASSIGNED-Threading-Info ] Object 0: handle = 0xcdcdcdcdcdcdcdcd, type = VK_OBJECT_TYPE_COMMAND_POOL; | MessageID = 0x5d6b67e2 | Couldn't find VkCommandPool Object 0xcdcdcdcdcdcdcdcd. This should not happen and may indicate a bug in the application.
    Objects: 1
        [0] 0xcdcdcdcdcdcdcdcd, type: 25, name: NULL
UNASSIGNED-Threading-Info(ERROR / SPEC): msgNum: 1567320034 - Validation Error: [ UNASSIGNED-Threading-Info ] Object 0: handle = 0xcdcdcdcdcdcdcdcd, type = VK_OBJECT_TYPE_COMMAND_POOL; | MessageID = 0x5d6b67e2 | Couldn't find VkCommandPool Object 0xcdcdcdcdcdcdcdcd. This should not happen and may indicate a bug in the application.
    Objects: 1
        [0] 0xcdcdcdcdcdcdcdcd, type: 25, name: NULL
UNASSIGNED-Threading-Info(ERROR / SPEC): msgNum: 1567320034 - Validation Error: [ UNASSIGNED-Threading-Info ] Object 0: handle = 0xcdcdcdcdcdcdcdcd, type = VK_OBJECT_TYPE_COMMAND_POOL; | MessageID = 0x5d6b67e2 | Couldn't find VkCommandPool Object 0xcdcdcdcdcdcdcdcd. This should not happen and may indicate a bug in the application.
    Objects: 1
        [0] 0xcdcdcdcdcdcdcdcd, type: 25, name: NULL
UNASSIGNED-Threading-Info(ERROR / SPEC): msgNum: 1567320034 - Validation Error: [ UNASSIGNED-Threading-Info ] Object 0: handle = 0xcdcdcdcdcdcdcdcd, type = VK_OBJECT_TYPE_COMMAND_POOL; | MessageID = 0x5d6b67e2 | Couldn't find VkCommandPool Object 0xcdcdcdcdcdcdcdcd. This should not happen and may indicate a bug in the application.
    Objects: 1
        [0] 0xcdcdcdcdcdcdcdcd, type: 25, name: NULL
VUID-vkDestroyCommandPool-commandPool-parameter(ERROR / SPEC): msgNum: 274744519 - Validation Error: [ VUID-vkDestroyCommandPool-commandPool-parameter ] Object 0: handle = 0x1cb3fd60510, type = VK_OBJECT_TYPE_INSTANCE; | MessageID = 0x106044c7 | Invalid VkCommandPool Object 0xcdcdcdcdcdcdcdcd. The Vulkan spec states: If commandPool is not VK_NULL_HANDLE, commandPool must be a valid VkCommandPool handle (https://vulkan.lunarg.com/doc/view/1.3.231.1/windows/1.3-extensions/vkspec.html#VUID-vkDestroyCommandPool-commandPool-parameter)
    Objects: 1
        [0] 0x1cb3fd60510, type: 1, name: NULL
UNASSIGNED-Threading-Info(ERROR / SPEC): msgNum: 1567320034 - Validation Error: [ UNASSIGNED-Threading-Info ] Object 0: handle = 0xcdcdcdcdcdcdcdcd, type = VK_OBJECT_TYPE_COMMAND_POOL; | MessageID = 0x5d6b67e2 | Couldn't find VkCommandPool Object 0xcdcdcdcdcdcdcdcd. This should not happen and may indicate a bug in the application.
    Objects: 1
        [0] 0xcdcdcdcdcdcdcdcd, type: 25, name: NULL
UNASSIGNED-Threading-Info(ERROR / SPEC): msgNum: 1567320034 - Validation Error: [ UNASSIGNED-Threading-Info ] Object 0: handle = 0xcdcdcdcdcdcdcdcd, type = VK_OBJECT_TYPE_COMMAND_POOL; | MessageID = 0x5d6b67e2 | Couldn't find VkCommandPool Object 0xcdcdcdcdcdcdcdcd. This should not happen and may indicate a bug in the application.
    Objects: 1
        [0] 0xcdcdcdcdcdcdcdcd, type: 25, name: NULL
UNASSIGNED-Threading-Info(ERROR / SPEC): msgNum: 1567320034 - Validation Error: [ UNASSIGNED-Threading-Info ] Object 0: handle = 0xcdcdcdcdcdcdcdcd, type = VK_OBJECT_TYPE_COMMAND_POOL; | MessageID = 0x5d6b67e2 | Couldn't find VkCommandPool Object 0xcdcdcdcdcdcdcdcd. This should not happen and may indicate a bug in the application.
    Objects: 1
        [0] 0xcdcdcdcdcdcdcdcd, type: 25, name: NULL
UNASSIGNED-Threading-Info(ERROR / SPEC): msgNum: 1567320034 - Validation Error: [ UNASSIGNED-Threading-Info ] Object 0: handle = 0xcdcdcdcdcdcdcdcd, type = VK_OBJECT_TYPE_COMMAND_POOL; | MessageID = 0x5d6b67e2 | Couldn't find VkCommandPool Object 0xcdcdcdcdcdcdcdcd. This should not happen and may indicate a bug in the application.
    Objects: 1
        [0] 0xcdcdcdcdcdcdcdcd, type: 25, name: NULL
Vulkan Log:Unloading layer library C:\WINDOWS\System32\DriverStore\FileRepository\u0391195.inf_amd64_09ef84849323988b\B391209\.\amdvlk64.dll
Vulkan Log:Unloading layer library C:\ProgramData\obs-studio-hook\.\graphics-hook64.dll
Vulkan Log:Unloading layer library C:\VulkanSDK\1.3.231.1\Bin\.\VkLayer_khronos_validation.dll
Tickernel End!
(base) PS C:\Users\Cleve\Documents\GitHub\Tickernel\build> ."C:/Users/Cleve/Documents/GitHub/Tickernel/build/Tickernel.exe"
Tickernel Start!
Add extension: VK_EXT_debug_utils
Add extension: VK_KHR_portability_enumeration
Add extension: VK_KHR_surface
Add extension: VK_KHR_win32_surface
Vulkan Log:Portability enumeration bit was set, enumerating portability drivers.
Vulkan Log:Checking for Layer Manifest files in Registry at SOFTWARE\Khronos\Vulkan\ImplicitLayers
Vulkan Log:windows_add_json_entry: Located json file "C:\WINDOWS\System32\DriverStore\FileRepository\u0391195.inf_amd64_09ef84849323988b\B391209\amd-vulkan64.json" from PnP registry: E
Vulkan Log:Located json file "C:\Program Files (x86)\WeGame\apps\Cross\Core\Stable\CrossVulkanLayer64.json" from registry "HKEY_LOCAL_MACHINE\SOFTWARE\Khronos\Vulkan\ImplicitLayers"
Vulkan Log:Located json file "C:\Program Files\RenderDoc\renderdoc.json" from registry "HKEY_LOCAL_MACHINE\SOFTWARE\Khronos\Vulkan\ImplicitLayers"
Vulkan Log:Located json file "C:\Program Files (x86)\Steam\SteamOverlayVulkanLayer64.json" from registry "HKEY_LOCAL_MACHINE\SOFTWARE\Khronos\Vulkan\ImplicitLayers"
Vulkan Log:Located json file "C:\Program Files (x86)\Steam\SteamFossilizeVulkanLayer64.json" from registry "HKEY_LOCAL_MACHINE\SOFTWARE\Khronos\Vulkan\ImplicitLayers"
Vulkan Log:Located json file "C:\Program Files (x86)\Overwolf\0.254.0.12\ow-vulkan-overlay64.json" from registry "HKEY_LOCAL_MACHINE\SOFTWARE\Khronos\Vulkan\ImplicitLayers"      
Vulkan Log:Located json file "C:\Program Files (x86)\Overwolf\0.254.0.12\ow-graphics-vulkan64.json" from registry "HKEY_LOCAL_MACHINE\SOFTWARE\Khronos\Vulkan\ImplicitLayers"     
Vulkan Log:Located json file "C:\ProgramData\obs-studio-hook\obs-vulkan64.json" from registry "HKEY_LOCAL_MACHINE\SOFTWARE\Khronos\Vulkan\ImplicitLayers"
Vulkan Log:Located json file "C:\Program Files (x86)\Epic Games\Launcher\Portal\Extras\Overlay\EOSOverlayVkLayer-Win32.json" from registry "HKEY_CURRENT_USER\SOFTWARE\Khronos\Vulkan\ImplicitLayers"
Vulkan Log:Located json file "C:\Program Files (x86)\Epic Games\Launcher\Portal\Extras\Overlay\EOSOverlayVkLayer-Win64.json" from registry "HKEY_CURRENT_USER\SOFTWARE\Khronos\Vulkan\ImplicitLayers"
Vulkan Log:Found manifest file C:\WINDOWS\System32\DriverStore\FileRepository\u0391195.inf_amd64_09ef84849323988b\B391209\amd-vulkan64.json (file version "1.0.0")
Vulkan Log:Found manifest file C:\Program Files (x86)\WeGame\apps\Cross\Core\Stable\CrossVulkanLayer64.json (file version "1.0.0")
Vulkan Log:Found manifest file C:\Program Files\RenderDoc\renderdoc.json (file version "1.1.2")
Vulkan Log:Layer "VK_LAYER_RENDERDOC_Capture" using deprecated 'vkGetInstanceProcAddr' tag which was deprecated starting with JSON file version 1.1.0. The new vkNegotiateLoaderLayerInterfaceVersion function is preferred, though for compatibility reasons it may be desirable to continue using the deprecated tag.
Vulkan Log:Layer "VK_LAYER_RENDERDOC_Capture" using deprecated 'vkGetDeviceProcAddr' tag which was deprecated starting with JSON file version 1.1.0. The new vkNegotiateLoaderLayerInterfaceVersion function is preferred, though for compatibility reasons it may be desirable to continue using the deprecated tag.
Vulkan Log:Found manifest file C:\Program Files (x86)\Steam\SteamOverlayVulkanLayer64.json (file version "1.0.0")
Vulkan Log:Found manifest file C:\Program Files (x86)\Steam\SteamFossilizeVulkanLayer64.json (file version "1.0.0")
Vulkan Log:Found manifest file C:\Program Files (x86)\Overwolf\0.254.0.12\ow-vulkan-overlay64.json (file version "1.1.2")
Vulkan Log:Found manifest file C:\Program Files (x86)\Overwolf\0.254.0.12\ow-graphics-vulkan64.json (file version "1.1.2")
Vulkan Log:Found manifest file C:\ProgramData\obs-studio-hook\obs-vulkan64.json (file version "1.1.2")
Vulkan Log:Found manifest file C:\Program Files (x86)\Epic Games\Launcher\Portal\Extras\Overlay\EOSOverlayVkLayer-Win32.json (file version "1.1.2")
Vulkan Log:Layer "VK_LAYER_EOS_Overlay" using deprecated 'vkGetInstanceProcAddr' tag which was deprecated starting with JSON file version 1.1.0. The new vkNegotiateLoaderLayerInterfaceVersion function is preferred, though for compatibility reasons it may be desirable to continue using the deprecated tag.
Vulkan Log:Layer "VK_LAYER_EOS_Overlay" using deprecated 'vkGetDeviceProcAddr' tag which was deprecated starting with JSON file version 1.1.0. The new vkNegotiateLoaderLayerInterfaceVersion function is preferred, though for compatibility reasons it may be desirable to continue using the deprecated tag.
Vulkan Log:Found manifest file C:\Program Files (x86)\Epic Games\Launcher\Portal\Extras\Overlay\EOSOverlayVkLayer-Win64.json (file version "1.1.2")
Vulkan Log:Layer "VK_LAYER_EOS_Overlay" using deprecated 'vkGetInstanceProcAddr' tag which was deprecated starting with JSON file version 1.1.0. The new vkNegotiateLoaderLayerInterfaceVersion function is preferred, though for compatibility reasons it may be desirable to continue using the deprecated tag.
Vulkan Log:Layer "VK_LAYER_EOS_Overlay" using deprecated 'vkGetDeviceProcAddr' tag which was deprecated starting with JSON file version 1.1.0. The new vkNegotiateLoaderLayerInterfaceVersion function is preferred, though for compatibility reasons it may be desirable to continue using the deprecated tag.
Vulkan Log:Checking for Layer Manifest files in Registry at SOFTWARE\Khronos\Vulkan\ExplicitLayers
Vulkan Log:windows_get_device_registry_files: opening device ROOT\DISPLAY\0000
Vulkan Log:windows_get_device_registry_entry: Device ID(1) Does not contain a value for "VulkanExplicitLayers"
Vulkan Log:windows_get_device_registry_files: unable to open child-device error:13
Vulkan Log:windows_get_device_registry_files: opening device PCI\VEN_1002&DEV_73BF&SUBSYS_2408148C&REV_C0\6&35901149&0&00000008
Vulkan Log:windows_get_device_registry_entry: Device ID(2) Does not contain a value for "VulkanExplicitLayers"
Vulkan Log:windows_get_device_registry_files: Opening child device 3 - SWD\DRIVERENUM\AMDFDANS&7&1964D49A&0
Vulkan Log:windows_get_device_registry_entry: Device ID(3) Does not contain a value for "VulkanExplicitLayers"
Vulkan Log:windows_get_device_registry_files: Opening child device 4 - DISPLAY\SKG2713\7&1964D49A&0&UID260
Vulkan Log:windows_get_device_registry_files: GUID for 4 is not SoftwareComponent skipping
Vulkan Log:windows_get_device_registry_files: Opening child device 5 - DISPLAY\AOC2490\7&1964D49A&0&UID268
Vulkan Log:windows_get_device_registry_files: GUID for 5 is not SoftwareComponent skipping
Vulkan Log:windows_get_device_registry_files: found no registry files
Vulkan Log:Located json file "C:\VulkanSDK\1.3.231.1\Bin\VkLayer_api_dump.json" from registry "HKEY_LOCAL_MACHINE\SOFTWARE\Khronos\Vulkan\ExplicitLayers"
Vulkan Log:Located json file "C:\VulkanSDK\1.3.231.1\Bin\VkLayer_gfxreconstruct.json" from registry "HKEY_LOCAL_MACHINE\SOFTWARE\Khronos\Vulkan\ExplicitLayers"
Vulkan Log:Located json file "C:\VulkanSDK\1.3.231.1\Bin\VkLayer_khronos_synchronization2.json" from registry "HKEY_LOCAL_MACHINE\SOFTWARE\Khronos\Vulkan\ExplicitLayers"
Vulkan Log:Located json file "C:\VulkanSDK\1.3.231.1\Bin\VkLayer_khronos_validation.json" from registry "HKEY_LOCAL_MACHINE\SOFTWARE\Khronos\Vulkan\ExplicitLayers"
Vulkan Log:Located json file "C:\VulkanSDK\1.3.231.1\Bin\VkLayer_monitor.json" from registry "HKEY_LOCAL_MACHINE\SOFTWARE\Khronos\Vulkan\ExplicitLayers"
Vulkan Log:Located json file "C:\VulkanSDK\1.3.231.1\Bin\VkLayer_screenshot.json" from registry "HKEY_LOCAL_MACHINE\SOFTWARE\Khronos\Vulkan\ExplicitLayers"
Vulkan Log:Located json file "C:\VulkanSDK\1.3.231.1\Bin\VkLayer_khronos_profiles.json" from registry "HKEY_LOCAL_MACHINE\SOFTWARE\Khronos\Vulkan\ExplicitLayers"
Vulkan Log:Found manifest file C:\VulkanSDK\1.3.231.1\Bin\VkLayer_api_dump.json (file version "1.2.0")
Vulkan Log:Found manifest file C:\VulkanSDK\1.3.231.1\Bin\VkLayer_gfxreconstruct.json (file version "1.2.0")
Vulkan Log:Found manifest file C:\VulkanSDK\1.3.231.1\Bin\VkLayer_khronos_synchronization2.json (file version "1.2.0")
Vulkan Log:Found manifest file C:\VulkanSDK\1.3.231.1\Bin\VkLayer_khronos_validation.json (file version "1.2.0")
Vulkan Log:Found manifest file C:\VulkanSDK\1.3.231.1\Bin\VkLayer_monitor.json (file version "1.0.0")
Vulkan Log:Found manifest file C:\VulkanSDK\1.3.231.1\Bin\VkLayer_screenshot.json (file version "1.2.0")
Vulkan Log:Found manifest file C:\VulkanSDK\1.3.231.1\Bin\VkLayer_khronos_profiles.json (file version "1.2.1")
Vulkan Log:windows_get_app_package_manifest_path: Failed to find mapping layers packages by family name

Vulkan Log:Checking for Driver Manifest files in Registry at SOFTWARE\Khronos\Vulkan\Drivers
Vulkan Log:windows_add_json_entry: Located json file "C:\WINDOWS\System32\DriverStore\FileRepository\u0391195.inf_amd64_09ef84849323988b\B391209\amd-vulkan64.json" from PnP registry: E
Vulkan Log:Found no registry files in SOFTWARE\Khronos\Vulkan\Drivers
Vulkan Log:Found ICD manifest file C:\WINDOWS\System32\DriverStore\FileRepository\u0391195.inf_amd64_09ef84849323988b\B391209\amd-vulkan64.json, version "1.0.0"
Vulkan Log:Searching for ICD drivers named .\amdvlk64.dll
Vulkan Log:Build ICD instance extension list
Vulkan Log:loader_add_implicit_layer: Disabling implicit layer VK_LAYER_TENCENT_wegame_cross_overlay for using an old API version 1.1 versus application requested 1.3
Vulkan Log:loader_add_implicit_layer: Disabling implicit layer VK_LAYER_OW_OVERLAY for using an old API version 1.2 versus application requested 1.3
Vulkan Log:loader_add_implicit_layer: Disabling implicit layer VK_LAYER_OW_OBS_HOOK for using an old API version 1.2 versus application requested 1.3
Vulkan Log:loader_add_implicit_layer: Disabling implicit layer VK_LAYER_TENCENT_wegame_cross_overlay for using an old API version 1.1 versus application requested 1.3
Vulkan Log:loader_add_implicit_layer: Disabling implicit layer VK_LAYER_OW_OVERLAY for using an old API version 1.2 versus application requested 1.3
Vulkan Log:loader_add_implicit_layer: Disabling implicit layer VK_LAYER_OW_OBS_HOOK for using an old API version 1.2 versus application requested 1.3
Vulkan Log:Loading layer library C:\VulkanSDK\1.3.231.1\Bin\.\VkLayer_khronos_validation.dll
Vulkan Log:Insert instance layer VK_LAYER_KHRONOS_validation (C:\VulkanSDK\1.3.231.1\Bin\.\VkLayer_khronos_validation.dll)
Vulkan Log:Loading layer library C:\ProgramData\obs-studio-hook\.\graphics-hook64.dll
Vulkan Log:Insert instance layer VK_LAYER_OBS_HOOK (C:\ProgramData\obs-studio-hook\.\graphics-hook64.dll)
Vulkan Log:Loading layer library C:\WINDOWS\System32\DriverStore\FileRepository\u0391195.inf_amd64_09ef84849323988b\B391209\.\amdvlk64.dll
Vulkan Log:Insert instance layer VK_LAYER_AMD_switchable_graphics (C:\WINDOWS\System32\DriverStore\FileRepository\u0391195.inf_amd64_09ef84849323988b\B391209\.\amdvlk64.dll)     
Vulkan Log:Build ICD instance extension list
Vulkan Log:Validation Information: [ UNASSIGNED-khronos-validation-createinstance-status-message ] Object 0: handle = 0x21148dc5ef0, type = VK_OBJECT_TYPE_INSTANCE; | MessageID = 0xd7fa5f44 | Khronos Validation Layer Active:
    Settings File: None. Default location is C:\Users\Cleve\Documents\GitHub\Tickernel\build\vk_layer_settings.txt.
    Current Enables: None.
    Current Disables: None.

Selected target physical device named AMD Radeon RX 6900 XT
Lua initialized!
Lua Start
After start lua stack,Keep engine state on stack.
Stack count:1
Tickernel Update!
Lua Update
VUID-VkPresentInfoKHR-pImageIndices-01296(ERROR / SPEC): msgNum: -945112042 - Validation Error: [ VUID-VkPresentInfoKHR-pImageIndices-01296 ] Object 0: handle = 0x2114ce0c610, type = VK_OBJECT_TYPE_QUEUE; | MessageID = 0xc7aabc16 | vkQueuePresentKHR(): pSwapchains[0] images passed to present must be in layout VK_IMAGE_LAYOUT_PRESENT_SRC_KHR or VK_IMAGE_LAYOUT_SHARED_PRESENT_KHR but is in VK_IMAGE_LAYOUT_UNDEFINED. The Vulkan spec states: Each element of pImageIndices must be the index of a presentable image acquired from the swapchain specified by the corresponding element of the pSwapchains array, and the presented image subresource must be in the VK_IMAGE_LAYOUT_PRESENT_SRC_KHR layout at the time the operation is executed on a VkDevice (https://github.com/KhronosGroup/Vulkan-Docs/search?q=)VUID-VkPresentInfoKHR-pImageIndices-01296)
    Objects: 1
        [0] 0x2114ce0c610, type: 4, name: NULL
Tickernel Tick!
    Framecount: 4294967290
    TimeCost/Total: 4ms/1000ms
Tickernel Update!
Lua Update
VUID-VkPresentInfoKHR-pImageIndices-01296(ERROR / SPEC): msgNum: -945112042 - Validation Error: [ VUID-VkPresentInfoKHR-pImageIndices-01296 ] Object 0: handle = 0x2114ce0c610, type = VK_OBJECT_TYPE_QUEUE; | MessageID = 0xc7aabc16 | vkQueuePresentKHR(): pSwapchains[0] images passed to present must be in layout VK_IMAGE_LAYOUT_PRESENT_SRC_KHR or VK_IMAGE_LAYOUT_SHARED_PRESENT_KHR but is in VK_IMAGE_LAYOUT_UNDEFINED. The Vulkan spec states: Each element of pImageIndices must be the index of a presentable image acquired from the swapchain specified by the corresponding element of the pSwapchains array, and the presented image subresource must be in the VK_IMAGE_LAYOUT_PRESENT_SRC_KHR layout at the time the operation is executed on a VkDevice (https://github.com/KhronosGroup/Vulkan-Docs/search?q=)VUID-VkPresentInfoKHR-pImageIndices-01296)
    Objects: 1
        [0] 0x2114ce0c610, type: 4, name: NULL
Tickernel Tick!
    Framecount: 4294967291
    TimeCost/Total: 1ms/1000ms
Tickernel Update!
Lua Update
VUID-VkPresentInfoKHR-pImageIndices-01296(ERROR / SPEC): msgNum: -945112042 - Validation Error: [ VUID-VkPresentInfoKHR-pImageIndices-01296 ] Object 0: handle = 0x2114ce0c610, type = VK_OBJECT_TYPE_QUEUE; | MessageID = 0xc7aabc16 | vkQueuePresentKHR(): pSwapchains[0] images passed to present must be in layout VK_IMAGE_LAYOUT_PRESENT_SRC_KHR or VK_IMAGE_LAYOUT_SHARED_PRESENT_KHR but is in VK_IMAGE_LAYOUT_UNDEFINED. The Vulkan spec states: Each element of pImageIndices must be the index of a presentable image acquired from the swapchain specified by the corresponding element of the pSwapchains array, and the presented image subresource must be in the VK_IMAGE_LAYOUT_PRESENT_SRC_KHR layout at the time the operation is executed on a VkDevice (https://github.com/KhronosGroup/Vulkan-Docs/search?q=)VUID-VkPresentInfoKHR-pImageIndices-01296)
    Objects: 1
        [0] 0x2114ce0c610, type: 4, name: NULL
Tickernel Tick!
    Framecount: 4294967292
    TimeCost/Total: 0ms/1000ms
Tickernel Update!
Lua Update
VUID-VkPresentInfoKHR-pImageIndices-01296(ERROR / SPEC): msgNum: -945112042 - Validation Error: [ VUID-VkPresentInfoKHR-pImageIndices-01296 ] Object 0: handle = 0x2114ce0c610, type = VK_OBJECT_TYPE_QUEUE; | MessageID = 0xc7aabc16 | vkQueuePresentKHR(): pSwapchains[0] images passed to present must be in layout VK_IMAGE_LAYOUT_PRESENT_SRC_KHR or VK_IMAGE_LAYOUT_SHARED_PRESENT_KHR but is in VK_IMAGE_LAYOUT_UNDEFINED. The Vulkan spec states: Each element of pImageIndices must be the index of a presentable image acquired from the swapchain specified by the corresponding element of the pSwapchains array, and the presented image subresource must be in the VK_IMAGE_LAYOUT_PRESENT_SRC_KHR layout at the time the operation is executed on a VkDevice (https://github.com/KhronosGroup/Vulkan-Docs/search?q=)VUID-VkPresentInfoKHR-pImageIndices-01296)
    Objects: 1
        [0] 0x2114ce0c610, type: 4, name: NULL
Tickernel Tick!
    Framecount: 4294967293
    TimeCost/Total: 0ms/1000ms
Tickernel Update!
Lua Update
VUID-VkPresentInfoKHR-pImageIndices-01296(ERROR / SPEC): msgNum: -945112042 - Validation Error: [ VUID-VkPresentInfoKHR-pImageIndices-01296 ] Object 0: handle = 0x2114ce0c610, type = VK_OBJECT_TYPE_QUEUE; | MessageID = 0xc7aabc16 | vkQueuePresentKHR(): pSwapchains[0] images passed to present must be in layout VK_IMAGE_LAYOUT_PRESENT_SRC_KHR or VK_IMAGE_LAYOUT_SHARED_PRESENT_KHR but is in VK_IMAGE_LAYOUT_UNDEFINED. The Vulkan spec states: Each element of pImageIndices must be the index of a presentable image acquired from the swapchain specified by the corresponding element of the pSwapchains array, and the presented image subresource must be in the VK_IMAGE_LAYOUT_PRESENT_SRC_KHR layout at the time the operation is executed on a VkDevice (https://github.com/KhronosGroup/Vulkan-Docs/search?q=)VUID-VkPresentInfoKHR-pImageIndices-01296)
    Objects: 1
        [0] 0x2114ce0c610, type: 4, name: NULL
Tickernel Tick!
    Framecount: 4294967294
    TimeCost/Total: 0ms/1000ms
Lua Start
VUID-vkDestroyCommandPool-commandPool-parameter(ERROR / SPEC): msgNum: 274744519 - Validation Error: [ VUID-vkDestroyCommandPool-commandPool-parameter ] Object 0: handle = 0x21148dc5ef0, type = VK_OBJECT_TYPE_INSTANCE; | MessageID = 0x106044c7 | Invalid VkCommandPool Object 0xcdcdcdcdcdcdcdcd. The Vulkan spec states: If commandPool is not VK_NULL_HANDLE, commandPool must be a valid VkCommandPool handle (https://vulkan.lunarg.com/doc/view/1.3.231.1/windows/1.3-extensions/vkspec.html#VUID-vkDestroyCommandPool-commandPool-parameter)
    Objects: 1
        [0] 0x21148dc5ef0, type: 1, name: NULL
UNASSIGNED-Threading-Info(ERROR / SPEC): msgNum: 1567320034 - Validation Error: [ UNASSIGNED-Threading-Info ] Object 0: handle = 0xcdcdcdcdcdcdcdcd, type = VK_OBJECT_TYPE_COMMAND_POOL; | MessageID = 0x5d6b67e2 | Couldn't find VkCommandPool Object 0xcdcdcdcdcdcdcdcd. This should not happen and may indicate a bug in the application.
    Objects: 1
        [0] 0xcdcdcdcdcdcdcdcd, type: 25, name: NULL
UNASSIGNED-Threading-Info(ERROR / SPEC): msgNum: 1567320034 - Validation Error: [ UNASSIGNED-Threading-Info ] Object 0: handle = 0xcdcdcdcdcdcdcdcd, type = VK_OBJECT_TYPE_COMMAND_POOL; | MessageID = 0x5d6b67e2 | Couldn't find VkCommandPool Object 0xcdcdcdcdcdcdcdcd. This should not happen and may indicate a bug in the application.
    Objects: 1
        [0] 0xcdcdcdcdcdcdcdcd, type: 25, name: NULL
UNASSIGNED-Threading-Info(ERROR / SPEC): msgNum: 1567320034 - Validation Error: [ UNASSIGNED-Threading-Info ] Object 0: handle = 0xcdcdcdcdcdcdcdcd, type = VK_OBJECT_TYPE_COMMAND_POOL; | MessageID = 0x5d6b67e2 | Couldn't find VkCommandPool Object 0xcdcdcdcdcdcdcdcd. This should not happen and may indicate a bug in the application.
    Objects: 1
        [0] 0xcdcdcdcdcdcdcdcd, type: 25, name: NULL
UNASSIGNED-Threading-Info(ERROR / SPEC): msgNum: 1567320034 - Validation Error: [ UNASSIGNED-Threading-Info ] Object 0: handle = 0xcdcdcdcdcdcdcdcd, type = VK_OBJECT_TYPE_COMMAND_POOL; | MessageID = 0x5d6b67e2 | Couldn't find VkCommandPool Object 0xcdcdcdcdcdcdcdcd. This should not happen and may indicate a bug in the application.
    Objects: 1
        [0] 0xcdcdcdcdcdcdcdcd, type: 25, name: NULL
VUID-vkDestroyCommandPool-commandPool-parameter(ERROR / SPEC): msgNum: 274744519 - Validation Error: [ VUID-vkDestroyCommandPool-commandPool-parameter ] Object 0: handle = 0x21148dc5ef0, type = VK_OBJECT_TYPE_INSTANCE; | MessageID = 0x106044c7 | Invalid VkCommandPool Object 0xcdcdcdcdcdcdcdcd. The Vulkan spec states: If commandPool is not VK_NULL_HANDLE, commandPool must be a valid VkCommandPool handle (https://vulkan.lunarg.com/doc/view/1.3.231.1/windows/1.3-extensions/vkspec.html#VUID-vkDestroyCommandPool-commandPool-parameter)
    Objects: 1
        [0] 0x21148dc5ef0, type: 1, name: NULL
UNASSIGNED-Threading-Info(ERROR / SPEC): msgNum: 1567320034 - Validation Error: [ UNASSIGNED-Threading-Info ] Object 0: handle = 0xcdcdcdcdcdcdcdcd, type = VK_OBJECT_TYPE_COMMAND_POOL; | MessageID = 0x5d6b67e2 | Couldn't find VkCommandPool Object 0xcdcdcdcdcdcdcdcd. This should not happen and may indicate a bug in the application.
    Objects: 1
        [0] 0xcdcdcdcdcdcdcdcd, type: 25, name: NULL
UNASSIGNED-Threading-Info(ERROR / SPEC): msgNum: 1567320034 - Validation Error: [ UNASSIGNED-Threading-Info ] Object 0: handle = 0xcdcdcdcdcdcdcdcd, type = VK_OBJECT_TYPE_COMMAND_POOL; | MessageID = 0x5d6b67e2 | Couldn't find VkCommandPool Object 0xcdcdcdcdcdcdcdcd. This should not happen and may indicate a bug in the application.
    Objects: 1
        [0] 0xcdcdcdcdcdcdcdcd, type: 25, name: NULL
UNASSIGNED-Threading-Info(ERROR / SPEC): msgNum: 1567320034 - Validation Error: [ UNASSIGNED-Threading-Info ] Object 0: handle = 0xcdcdcdcdcdcdcdcd, type = VK_OBJECT_TYPE_COMMAND_POOL; | MessageID = 0x5d6b67e2 | Couldn't find VkCommandPool Object 0xcdcdcdcdcdcdcdcd. This should not happen and may indicate a bug in the application.
    Objects: 1
        [0] 0xcdcdcdcdcdcdcdcd, type: 25, name: NULL
UNASSIGNED-Threading-Info(ERROR / SPEC): msgNum: 1567320034 - Validation Error: [ UNASSIGNED-Threading-Info ] Object 0: handle = 0xcdcdcdcdcdcdcdcd, type = VK_OBJECT_TYPE_COMMAND_POOL; | MessageID = 0x5d6b67e2 | Couldn't find VkCommandPool Object 0xcdcdcdcdcdcdcdcd. This should not happen and may indicate a bug in the application.
    Objects: 1
        [0] 0xcdcdcdcdcdcdcdcd, type: 25, name: NULL
VUID-vkDestroySemaphore-semaphore-01137(ERROR / SPEC): msgNum: -1588160456 - Validation Error: [ VUID-vkDestroySemaphore-semaphore-01137 ] Object 0: handle = 0x2114c82d020, type = VK_OBJECT_TYPE_DEVICE; | MessageID = 0xa1569838 | Cannot call vkDestroySemaphore on VkSemaphore 0xe88693000000000c[] that is currently in use by a command buffer. The Vulkan spec states: All submitted batches that refer to semaphore must have completed execution (https://vulkan.lunarg.com/doc/view/1.3.231.1/windows/1.3-extensions/vkspec.html#VUID-vkDestroySemaphore-semaphore-01137)
    Objects: 1
        [0] 0x2114c82d020, type: 3, name: NULL
VUID-vkDestroySemaphore-semaphore-01137(ERROR / SPEC): msgNum: -1588160456 - Validation Error: [ VUID-vkDestroySemaphore-semaphore-01137 ] Object 0: handle = 0x2114c82d020, type = VK_OBJECT_TYPE_DEVICE; | MessageID = 0xa1569838 | Cannot call vkDestroySemaphore on VkSemaphore 0xcad092000000000d[] that is currently in use by a command buffer. The Vulkan spec states: All submitted batches that refer to semaphore must have completed execution (https://vulkan.lunarg.com/doc/view/1.3.231.1/windows/1.3-extensions/vkspec.html#VUID-vkDestroySemaphore-semaphore-01137)
    Objects: 1
        [0] 0x2114c82d020, type: 3, name: NULL
VUID-vkDestroyFence-fence-01120(ERROR / SPEC): msgNum: 1562993224 - Validation Error: [ VUID-vkDestroyFence-fence-01120 ] Object 0: handle = 0x967dd1000000000e, type = VK_OBJECT_TYPE_FENCE; | MessageID = 0x5d296248 | VkFence 0x967dd1000000000e[] is in use. The Vulkan spec states: All queue submission commands that refer to fence must have completed execution (https://vulkan.lunarg.com/doc/view/1.3.231.1/windows/1.3-extensions/vkspec.html#VUID-vkDestroyFence-fence-01120)
    Objects: 1
        [0] 0x967dd1000000000e, type: 7, name: NULL
VUID-vkDestroySemaphore-semaphore-01137(ERROR / SPEC): msgNum: -1588160456 - Validation Error: [ VUID-vkDestroySemaphore-semaphore-01137 ] Object 0: handle = 0x2114c82d020, type = VK_OBJECT_TYPE_DEVICE; | MessageID = 0xa1569838 | Cannot call vkDestroySemaphore on VkSemaphore 0xe7e6d0000000000f[] that is currently in use by a command buffer. The Vulkan spec states: All submitted batches that refer to semaphore must have completed execution (https://vulkan.lunarg.com/doc/view/1.3.231.1/windows/1.3-extensions/vkspec.html#VUID-vkDestroySemaphore-semaphore-01137)
    Objects: 1
        [0] 0x2114c82d020, type: 3, name: NULL
VUID-vkDestroySemaphore-semaphore-01137(ERROR / SPEC): msgNum: -1588160456 - Validation Error: [ VUID-vkDestroySemaphore-semaphore-01137 ] Object 0: handle = 0x2114c82d020, type = VK_OBJECT_TYPE_DEVICE; | MessageID = 0xa1569838 | Cannot call vkDestroySemaphore on VkSemaphore 0xd5b26f0000000010[] that is currently in use by a command buffer. The Vulkan spec states: All submitted batches that refer to semaphore must have completed execution (https://vulkan.lunarg.com/doc/view/1.3.231.1/windows/1.3-extensions/vkspec.html#VUID-vkDestroySemaphore-semaphore-01137)
    Objects: 1
        [0] 0x2114c82d020, type: 3, name: NULL
VUID-vkDestroyFence-fence-01120(ERROR / SPEC): msgNum: 1562993224 - Validation Error: [ VUID-vkDestroyFence-fence-01120 ] Object 0: handle = 0x980f360000000011, type = VK_OBJECT_TYPE_FENCE; | MessageID = 0x5d296248 | VkFence 0x980f360000000011[] is in use. The Vulkan spec states: All queue submission commands that refer to fence must have completed execution (https://vulkan.lunarg.com/doc/view/1.3.231.1/windows/1.3-extensions/vkspec.html#VUID-vkDestroyFence-fence-01120)
    Objects: 1
        [0] 0x980f360000000011, type: 7, name: NULL
Vulkan Log:Unloading layer library C:\WINDOWS\System32\DriverStore\FileRepository\u0391195.inf_amd64_09ef84849323988b\B391209\.\amdvlk64.dll
Vulkan Log:Unloading layer library C:\ProgramData\obs-studio-hook\.\graphics-hook64.dll
Vulkan Log:Unloading layer library C:\VulkanSDK\1.3.231.1\Bin\.\VkLayer_khronos_validation.dll